tv/build/intermediates/manifest_merge_blame_file/debug/processDebugMainManifest/manifest-merger-blame-debug-report.txt
1<?xml version="1.0" encoding="utf-8"?>
2<manifest xmlns:android="http://schemas.android.com/apk/res/android"
3    package="mx.utng.smarthealthmonitor.tv"
4    android:versionCode="1"
5    android:versionName="1.0" >
6
7    <uses-sdk
8        android:minSdkVersion="26"
9        android:targetSdkVersion="35" />
10
11    <!-- Desactivar requisitos de hardware no presentes en TV -->
12    <uses-feature
12-->src/main/AndroidManifest.xml:5:5-7:36
13        android:name="android.hardware.touchscreen"
13-->src/main/AndroidManifest.xml:6:9-52
14        android:required="false" />
14-->src/main/AndroidManifest.xml:7:9-33
15    <uses-feature
15-->src/main/AndroidManifest.xml:8:5-10:36
16        android:name="android.software.leanback"
16-->src/main/AndroidManifest.xml:9:9-49
17        android:required="false" />
17-->src/main/AndroidManifest.xml:10:9-33
18
19    <uses-permission android:name="android.permission.ACCESS_NETWORK_STATE" />
19-->[androidx.media3:media3-common:1.5.1] AndroidManifest.xml:22:5-79
19-->[androidx.media3:media3-common:1.5.1] AndroidManifest.xml:22:22-76
20
21    <permission
21-->[androidx.core:core:1.16.0] AndroidManifest.xml:22:5-24:47
22        android:name="mx.utng.smarthealthmonitor.tv.DYNAMIC_RECEIVER_NOT_EXPORTED_PERMISSION"
22-->[androidx.core:core:1.16.0] AndroidManifest.xml:23:9-81
23        android:protectionLevel="signature" />
23-->[androidx.core:core:1.16.0] AndroidManifest.xml:24:9-44
24
25    <uses-permission android:name="mx.utng.smarthealthmonitor.tv.DYNAMIC_RECEIVER_NOT_EXPORTED_PERMISSION" />
25-->[androidx.core:core:1.16.0] AndroidManifest.xml:26:5-97
25-->[androidx.core:core:1.16.0] AndroidManifest.xml:26:22-94
26
27    <application
27-->src/main/AndroidManifest.xml:12:5-37:19
28        android:allowBackup="true"
28-->src/main/AndroidManifest.xml:13:9-35
29        android:appComponentFactory="androidx.core.app.CoreComponentFactory"
29-->[androidx.core:core:1.16.0] AndroidManifest.xml:28:18-86
30        android:debuggable="true"
31        android:extractNativeLibs="false"
32        android:icon="@mipmap/ic_launcher"
32-->src/main/AndroidManifest.xml:14:9-43
33        android:label="@string/app_name"
33-->src/main/AndroidManifest.xml:15:9-41
34        android:supportsRtl="true"
34-->src/main/AndroidManifest.xml:16:9-35
35        android:testOnly="true"
36        android:theme="@android:style/Theme.Material.NoActionBar" >
36-->src/main/AndroidManifest.xml:17:9-66
37        <meta-data
37-->src/main/AndroidManifest.xml:19:9-21:83
38            android:name="com.google.android.gms.cast.framework.OPTIONS_PROVIDER_CLASS_NAME"
38-->src/main/AndroidManifest.xml:20:13-93
39            android:value="mx.utng.smarthealthmonitor.cast.CastOptionsProvider" />
39-->src/main/AndroidManifest.xml:21:13-80
40
41        <activity
41-->src/main/AndroidManifest.xml:23:9-36:20
42            android:name="mx.utng.smarthealthmonitor.tv.TVActivity"
42-->src/main/AndroidManifest.xml:24:13-39
43            android:banner="@drawable/tv_banner"
43-->src/main/AndroidManifest.xml:25:13-49
44            android:exported="true"
44-->src/main/AndroidManifest.xml:26:13-36
45            android:logo="@mipmap/ic_launcher"
45-->src/main/AndroidManifest.xml:27:13-47
46            android:screenOrientation="landscape"
46-->src/main/AndroidManifest.xml:28:13-50
47            android:theme="@android:style/Theme.Material.NoActionBar" >
47-->src/main/AndroidManifest.xml:29:13-70
48            <intent-filter>
48-->src/main/AndroidManifest.xml:31:13-35:29
49                <action android:name="android.intent.action.MAIN" />
49-->src/main/AndroidManifest.xml:32:17-69
49-->src/main/AndroidManifest.xml:32:25-66
50
51                <category android:name="android.intent.category.LAUNCHER" />
51-->src/main/AndroidManifest.xml:33:17-77
51-->src/main/AndroidManifest.xml:33:27-74
52                <category android:name="android.intent.category.LEANBACK_LAUNCHER" />
52-->src/main/AndroidManifest.xml:34:17-86
52-->src/main/AndroidManifest.xml:34:27-83
53            </intent-filter>
54        </activity>
55        <activity
55-->[androidx.compose.ui:ui-tooling-android:1.10.3] AndroidManifest.xml:23:9-25:39
56            android:name="androidx.compose.ui.tooling.PreviewActivity"
56-->[androidx.compose.ui:ui-tooling-android:1.10.3] AndroidManifest.xml:24:13-71
57            android:exported="true" />
57-->[androidx.compose.ui:ui-tooling-android:1.10.3] AndroidManifest.xml:25:13-36
58
59        <provider
59-->[androidx.emoji2:emoji2:1.4.0] AndroidManifest.xml:24:9-32:20
60            android:name="androidx.startup.InitializationProvider"
60-->[androidx.emoji2:emoji2:1.4.0] AndroidManifest.xml:25:13-67
61            android:authorities="mx.utng.smarthealthmonitor.tv.androidx-startup"
61-->[androidx.emoji2:emoji2:1.4.0] AndroidManifest.xml:26:13-68
62            android:exported="false" >
62-->[androidx.emoji2:emoji2:1.4.0] AndroidManifest.xml:27:13-37
63            <meta-data
63-->[androidx.emoji2:emoji2:1.4.0] AndroidManifest.xml:29:13-31:52
64                android:name="androidx.emoji2.text.EmojiCompatInitializer"
64-->[androidx.emoji2:emoji2:1.4.0] AndroidManifest.xml:30:17-75
65                android:value="androidx.startup" />
65-->[androidx.emoji2:emoji2:1.4.0] AndroidManifest.xml:31:17-49
66            <meta-data
66-->[androidx.lifecycle:lifecycle-process:2.9.4] AndroidManifest.xml:29:13-31:52
67                android:name="androidx.lifecycle.ProcessLifecycleInitializer"
67-->[androidx.lifecycle:lifecycle-process:2.9.4] AndroidManifest.xml:30:17-78
68                android:value="androidx.startup" />
68-->[androidx.lifecycle:lifecycle-process:2.9.4] AndroidManifest.xml:31:17-49
69            <meta-data
69-->[androidx.profileinstaller:profileinstaller:1.4.1] AndroidManifest.xml:29:13-31:52
70                android:name="androidx.profileinstaller.ProfileInstallerInitializer"
70-->[androidx.profileinstaller:profileinstaller:1.4.1] AndroidManifest.xml:30:17-85
71                android:value="androidx.startup" />
71-->[androidx.profileinstaller:profileinstaller:1.4.1] AndroidManifest.xml:31:17-49
72        </provider>
73
74        <uses-library
74-->[androidx.window:window:1.5.0] AndroidManifest.xml:23:9-25:40
75            android:name="androidx.window.extensions"
75-->[androidx.window:window:1.5.0] AndroidManifest.xml:24:13-54
76            android:required="false" />
76-->[androidx.window:window:1.5.0] AndroidManifest.xml:25:13-37
77        <uses-library
77-->[androidx.window:window:1.5.0] AndroidManifest.xml:26:9-28:40
78            android:name="androidx.window.sidecar"
78-->[androidx.window:window:1.5.0] AndroidManifest.xml:27:13-51
79            android:required="false" />
79-->[androidx.window:window:1.5.0] AndroidManifest.xml:28:13-37
80
81        <service
81-->[androidx.room:room-runtime:2.6.1] AndroidManifest.xml:24:9-28:63
82            android:name="androidx.room.MultiInstanceInvalidationService"
82-->[androidx.room:room-runtime:2.6.1] AndroidManifest.xml:25:13-74
83            android:directBootAware="true"
83-->[androidx.room:room-runtime:2.6.1] AndroidManifest.xml:26:13-43
84            android:exported="false" />
84-->[androidx.room:room-runtime:2.6.1] AndroidManifest.xml:27:13-37
85
86        <receiver
86-->[androidx.profileinstaller:profileinstaller:1.4.1] AndroidManifest.xml:34:9-52:20
87            android:name="androidx.profileinstaller.ProfileInstallReceiver"
87-->[androidx.profileinstaller:profileinstaller:1.4.1] AndroidManifest.xml:35:13-76
88            android:directBootAware="false"
88-->[androidx.profileinstaller:profileinstaller:1.4.1] AndroidManifest.xml:36:13-44
89            android:enabled="true"
89-->[androidx.profileinstaller:profileinstaller:1.4.1] AndroidManifest.xml:37:13-35
90            android:exported="true"
90-->[androidx.profileinstaller:profileinstaller:1.4.1] AndroidManifest.xml:38:13-36
91            android:permission="android.permission.DUMP" >
91-->[androidx.profileinstaller:profileinstaller:1.4.1] AndroidManifest.xml:39:13-57
92            <intent-filter>
92-->[androidx.profileinstaller:profileinstaller:1.4.1] AndroidManifest.xml:40:13-42:29
93                <action android:name="androidx.profileinstaller.action.INSTALL_PROFILE" />
93-->[androidx.profileinstaller:profileinstaller:1.4.1] AndroidManifest.xml:41:17-91
93-->[androidx.profileinstaller:profileinstaller:1.4.1] AndroidManifest.xml:41:25-88
94            </intent-filter>
95            <intent-filter>
95-->[androidx.profileinstaller:profileinstaller:1.4.1] AndroidManifest.xml:43:13-45:29
96                <action android:name="androidx.profileinstaller.action.SKIP_FILE" />
96-->[androidx.profileinstaller:profileinstaller:1.4.1] AndroidManifest.xml:44:17-85
96-->[androidx.profileinstaller:profileinstaller:1.4.1] AndroidManifest.xml:44:25-82
97            </intent-filter>
98            <intent-filter>
98-->[androidx.profileinstaller:profileinstaller:1.4.1] AndroidManifest.xml:46:13-48:29
99                <action android:name="androidx.profileinstaller.action.SAVE_PROFILE" />
99-->[androidx.profileinstaller:profileinstaller:1.4.1] AndroidManifest.xml:47:17-88
99-->[androidx.profileinstaller:profileinstaller:1.4.1] AndroidManifest.xml:47:25-85
100            </intent-filter>
101            <intent-filter>
101-->[androidx.profileinstaller:profileinstaller:1.4.1] AndroidManifest.xml:49:13-51:29
102                <action android:name="androidx.profileinstaller.action.BENCHMARK_OPERATION" />
102-->[androidx.profileinstaller:profileinstaller:1.4.1] AndroidManifest.xml:50:17-95
102-->[androidx.profileinstaller:profileinstaller:1.4.1] AndroidManifest.xml:50:25-92
103            </intent-filter>
104        </receiver>
105    </application>
106
107</manifest>